<?xml version="1.0" encoding="UTF-8"?>
<!-- Generated by org.testng.reporters.JUnitReportReporter -->
<testsuite skipped="0" hostname="Deepan" name="com.vcentry.onlineshop.testcases.CheckOutPage" tests="4" failures="0" timestamp="31 Oct 2020 10:23:43 GMT" time="64.143" errors="0">
  <testcase name="validateCheckout" time="4.774" classname="com.vcentry.onlineshop.testcases.CheckOutPage"/>
  <testcase name="validateCheckout" time="44.506" classname="com.vcentry.onlineshop.testcases.CheckOutPage"/>
  <testcase name="validateCheckout" time="8.380" classname="com.vcentry.onlineshop.testcases.CheckOutPage"/>
  <testcase name="validateCheckout" time="6.483" classname="com.vcentry.onlineshop.testcases.CheckOutPage"/>
</testsuite> <!-- com.vcentry.onlineshop.testcases.CheckOutPage -->
